<?xml version="1.0" encoding="UTF-8"?>
<coverage generated="1760101959055" clover="3.2.0">
  <project timestamp="1760101959055" name="All files">
    <metrics statements="55" coveredstatements="55" conditionals="16" coveredconditionals="12" methods="26" coveredmethods="26" elements="97" coveredelements="93" complexity="0" loc="55" ncloc="55" packages="2" files="2" classes="2"/>
    <package name="components">
      <metrics statements="13" coveredstatements="13" conditionals="2" coveredconditionals="2" methods="5" coveredmethods="5"/>
      <file name="animationRegistry.ts" path="/Users/michaelhaufschild/Documents/code/animations/src/components/animationRegistry.ts">
        <metrics statements="13" coveredstatements="13" conditionals="2" coveredconditionals="2" methods="5" coveredmethods="5"/>
        <line num="34" count="2" type="stmt"/>
        <line num="63" count="2" type="stmt"/>
        <line num="79" count="10" type="stmt"/>
        <line num="80" count="10" type="stmt"/>
        <line num="81" count="60" type="stmt"/>
        <line num="82" count="170" type="stmt"/>
        <line num="83" count="1590" type="stmt"/>
        <line num="87" count="10" type="stmt"/>
        <line num="97" count="336" type="stmt"/>
        <line num="98" count="1071" type="stmt"/>
        <line num="99" count="2642" type="cond" truecount="2" falsecount="0"/>
        <line num="100" count="321" type="stmt"/>
        <line num="104" count="15" type="stmt"/>
      </file>
    </package>
    <package name="services">
      <metrics statements="42" coveredstatements="42" conditionals="14" coveredconditionals="10" methods="21" coveredmethods="21"/>
      <file name="animationData.ts" path="/Users/michaelhaufschild/Documents/code/animations/src/services/animationData.ts">
        <metrics statements="42" coveredstatements="42" conditionals="14" coveredconditionals="10" methods="21" coveredmethods="21"/>
        <line num="11" count="1" type="stmt"/>
        <line num="13" count="33" type="stmt"/>
        <line num="19" count="1" type="stmt"/>
        <line num="20" count="30" type="stmt"/>
        <line num="23" count="85" type="stmt"/>
        <line num="28" count="795" type="stmt"/>
        <line num="45" count="1" type="stmt"/>
        <line num="50" count="5" type="stmt"/>
        <line num="53" count="5" type="cond" truecount="2" falsecount="0"/>
        <line num="54" count="12" type="stmt"/>
        <line num="56" count="34" type="stmt"/>
        <line num="62" count="2" type="stmt"/>
        <line num="63" count="10" type="stmt"/>
        <line num="64" count="10" type="cond" truecount="1" falsecount="1"/>
        <line num="65" count="10" type="stmt"/>
        <line num="66" count="10" type="cond" truecount="1" falsecount="1"/>
        <line num="67" count="10" type="stmt"/>
        <line num="72" count="2" type="stmt"/>
        <line num="75" count="3" type="stmt"/>
        <line num="79" count="1" type="stmt"/>
        <line num="80" count="1" type="stmt"/>
        <line num="83" count="42" type="cond" truecount="2" falsecount="0"/>
        <line num="84" count="1" type="stmt"/>
        <line num="87" count="42" type="stmt"/>
        <line num="91" count="29" type="stmt"/>
        <line num="92" count="29" type="stmt"/>
        <line num="96" count="4" type="stmt"/>
        <line num="97" count="4" type="stmt"/>
        <line num="98" count="4" type="stmt"/>
        <line num="102" count="14" type="stmt"/>
        <line num="107" count="14" type="stmt"/>
        <line num="109" count="14" type="cond" truecount="1" falsecount="1"/>
        <line num="110" count="14" type="stmt"/>
        <line num="111" count="15" type="stmt"/>
        <line num="113" count="14" type="cond" truecount="1" falsecount="1"/>
        <line num="114" count="14" type="stmt"/>
        <line num="118" count="14" type="stmt"/>
        <line num="122" count="13" type="stmt"/>
        <line num="123" count="18" type="stmt"/>
        <line num="124" count="15" type="stmt"/>
        <line num="126" count="13" type="cond" truecount="2" falsecount="0"/>
        <line num="130" count="1" type="stmt"/>
      </file>
    </package>
  </project>
</coverage>
