{"/Users/michaelhaufschild/Documents/code/animations/src/components/animationRegistry.ts": {"path":"/Users/michaelhaufschild/Documents/code/animations/src/components/animationRegistry.ts","statementMap":{"0":{"start":{"line":34,"column":56},"end":{"line":53,"column":1}},"1":{"start":{"line":63,"column":58},"end":{"line":70,"column":1}},"2":{"start":{"line":79,"column":42},"end":{"line":79,"column":44}},"3":{"start":{"line":80,"column":2},"end":{"line":86,"column":4}},"4":{"start":{"line":81,"column":4},"end":{"line":85,"column":6}},"5":{"start":{"line":82,"column":6},"end":{"line":84,"column":8}},"6":{"start":{"line":83,"column":8},"end":{"line":83,"column":37}},"7":{"start":{"line":87,"column":2},"end":{"line":87,"column":17}},"8":{"start":{"line":97,"column":2},"end":{"line":103,"column":3}},"9":{"start":{"line":98,"column":4},"end":{"line":102,"column":5}},"10":{"start":{"line":99,"column":6},"end":{"line":101,"column":7}},"11":{"start":{"line":100,"column":8},"end":{"line":100,"column":53}},"12":{"start":{"line":104,"column":2},"end":{"line":104,"column":13}}},"fnMap":{"0":{"name":"buildRegistryFromCategories","decl":{"start":{"line":78,"column":16},"end":{"line":78,"column":43}},"loc":{"start":{"line":78,"column":69},"end":{"line":88,"column":1}},"line":78},"1":{"name":"(anonymous_1)","decl":{"start":{"line":80,"column":36},"end":{"line":80,"column":37}},"loc":{"start":{"line":80,"column":43},"end":{"line":86,"column":3}},"line":80},"2":{"name":"(anonymous_2)","decl":{"start":{"line":81,"column":38},"end":{"line":81,"column":39}},"loc":{"start":{"line":81,"column":47},"end":{"line":85,"column":5}},"line":81},"3":{"name":"(anonymous_3)","decl":{"start":{"line":82,"column":47},"end":{"line":82,"column":48}},"loc":{"start":{"line":82,"column":63},"end":{"line":84,"column":7}},"line":82},"4":{"name":"getAnimationMetadata","decl":{"start":{"line":96,"column":16},"end":{"line":96,"column":36}},"loc":{"start":{"line":96,"column":58},"end":{"line":105,"column":1}},"line":96}},"branchMap":{"0":{"loc":{"start":{"line":99,"column":6},"end":{"line":101,"column":7}},"type":"if","locations":[{"start":{"line":99,"column":6},"end":{"line":101,"column":7}},{"start":{},"end":{}}],"line":99}},"s":{"0":2,"1":2,"2":10,"3":10,"4":60,"5":170,"6":1590,"7":10,"8":336,"9":1071,"10":2642,"11":321,"12":15},"f":{"0":10,"1":60,"2":170,"3":1590,"4":336},"b":{"0":[321,2321]},"_coverageSchema":"1a1c01bbd47fc00a2c39e90264f33305004495a9","hash":"4b48dad7c4e4635d3afc76aaa7596a54a4c8cc84"}
,"/Users/michaelhaufschild/Documents/code/animations/src/services/animationData.ts": {"path":"/Users/michaelhaufschild/Documents/code/animations/src/services/animationData.ts","statementMap":{"0":{"start":{"line":11,"column":33},"end":{"line":11,"column":46}},"1":{"start":{"line":13,"column":14},"end":{"line":13,"column":79}},"2":{"start":{"line":13,"column":30},"end":{"line":13,"column":79}},"3":{"start":{"line":13,"column":55},"end":{"line":13,"column":78}},"4":{"start":{"line":19,"column":35},"end":{"line":39,"column":1}},"5":{"start":{"line":20,"column":2},"end":{"line":38,"column":5}},"6":{"start":{"line":20,"column":47},"end":{"line":38,"column":3}},"7":{"start":{"line":23,"column":52},"end":{"line":37,"column":5}},"8":{"start":{"line":28,"column":63},"end":{"line":36,"column":7}},"9":{"start":{"line":45,"column":30},"end":{"line":76,"column":1}},"10":{"start":{"line":50,"column":22},"end":{"line":50,"column":50}},"11":{"start":{"line":53,"column":2},"end":{"line":73,"column":3}},"12":{"start":{"line":54,"column":24},"end":{"line":60,"column":7}},"13":{"start":{"line":54,"column":48},"end":{"line":60,"column":5}},"14":{"start":{"line":56,"column":37},"end":{"line":59,"column":7}},"15":{"start":{"line":62,"column":4},"end":{"line":70,"column":6}},"16":{"start":{"line":63,"column":23},"end":{"line":63,"column":70}},"17":{"start":{"line":63,"column":45},"end":{"line":63,"column":69}},"18":{"start":{"line":64,"column":6},"end":{"line":69,"column":7}},"19":{"start":{"line":65,"column":22},"end":{"line":65,"column":70}},"20":{"start":{"line":65,"column":48},"end":{"line":65,"column":69}},"21":{"start":{"line":66,"column":8},"end":{"line":68,"column":9}},"22":{"start":{"line":67,"column":10},"end":{"line":67,"column":37}},"23":{"start":{"line":72,"column":4},"end":{"line":72,"column":22}},"24":{"start":{"line":75,"column":2},"end":{"line":75,"column":20}},"25":{"start":{"line":79,"column":39},"end":{"line":79,"column":43}},"26":{"start":{"line":80,"column":50},"end":{"line":80,"column":52}},"27":{"start":{"line":83,"column":4},"end":{"line":85,"column":5}},"28":{"start":{"line":84,"column":6},"end":{"line":84,"column":75}},"29":{"start":{"line":87,"column":4},"end":{"line":87,"column":23}},"30":{"start":{"line":91,"column":4},"end":{"line":91,"column":20}},"31":{"start":{"line":92,"column":4},"end":{"line":92,"column":31}},"32":{"start":{"line":96,"column":4},"end":{"line":96,"column":19}},"33":{"start":{"line":97,"column":4},"end":{"line":97,"column":73}},"34":{"start":{"line":98,"column":4},"end":{"line":98,"column":23}},"35":{"start":{"line":102,"column":36},"end":{"line":105,"column":5}},"36":{"start":{"line":107,"column":4},"end":{"line":107,"column":43}},"37":{"start":{"line":109,"column":4},"end":{"line":116,"column":5}},"38":{"start":{"line":110,"column":23},"end":{"line":110,"column":89}},"39":{"start":{"line":110,"column":52},"end":{"line":110,"column":88}},"40":{"start":{"line":111,"column":20},"end":{"line":111,"column":87}},"41":{"start":{"line":111,"column":53},"end":{"line":111,"column":86}},"42":{"start":{"line":113,"column":6},"end":{"line":115,"column":7}},"43":{"start":{"line":114,"column":8},"end":{"line":114,"column":62}},"44":{"start":{"line":118,"column":4},"end":{"line":118,"column":23}},"45":{"start":{"line":122,"column":20},"end":{"line":122,"column":46}},"46":{"start":{"line":123,"column":21},"end":{"line":123,"column":69}},"47":{"start":{"line":123,"column":45},"end":{"line":123,"column":68}},"48":{"start":{"line":124,"column":18},"end":{"line":124,"column":72}},"49":{"start":{"line":124,"column":51},"end":{"line":124,"column":71}},"50":{"start":{"line":126,"column":4},"end":{"line":126,"column":45}},"51":{"start":{"line":130,"column":36},"end":{"line":130,"column":62}}},"fnMap":{"0":{"name":"(anonymous_0)","decl":{"start":{"line":13,"column":14},"end":{"line":13,"column":15}},"loc":{"start":{"line":13,"column":30},"end":{"line":13,"column":79}},"line":13},"1":{"name":"(anonymous_1)","decl":{"start":{"line":13,"column":42},"end":{"line":13,"column":43}},"loc":{"start":{"line":13,"column":55},"end":{"line":13,"column":78}},"line":13},"2":{"name":"(anonymous_2)","decl":{"start":{"line":19,"column":35},"end":{"line":19,"column":36}},"loc":{"start":{"line":19,"column":53},"end":{"line":39,"column":1}},"line":19},"3":{"name":"(anonymous_3)","decl":{"start":{"line":20,"column":39},"end":{"line":20,"column":40}},"loc":{"start":{"line":20,"column":47},"end":{"line":38,"column":3}},"line":20},"4":{"name":"(anonymous_4)","decl":{"start":{"line":23,"column":42},"end":{"line":23,"column":43}},"loc":{"start":{"line":23,"column":52},"end":{"line":37,"column":5}},"line":23},"5":{"name":"(anonymous_5)","decl":{"start":{"line":28,"column":54},"end":{"line":28,"column":55}},"loc":{"start":{"line":28,"column":63},"end":{"line":36,"column":7}},"line":28},"6":{"name":"(anonymous_6)","decl":{"start":{"line":45,"column":30},"end":{"line":45,"column":31}},"loc":{"start":{"line":48,"column":17},"end":{"line":76,"column":1}},"line":48},"7":{"name":"(anonymous_7)","decl":{"start":{"line":54,"column":40},"end":{"line":54,"column":41}},"loc":{"start":{"line":54,"column":48},"end":{"line":60,"column":5}},"line":54},"8":{"name":"(anonymous_8)","decl":{"start":{"line":56,"column":29},"end":{"line":56,"column":30}},"loc":{"start":{"line":56,"column":37},"end":{"line":59,"column":7}},"line":56},"9":{"name":"(anonymous_9)","decl":{"start":{"line":62,"column":33},"end":{"line":62,"column":34}},"loc":{"start":{"line":62,"column":41},"end":{"line":70,"column":5}},"line":62},"10":{"name":"(anonymous_10)","decl":{"start":{"line":63,"column":40},"end":{"line":63,"column":41}},"loc":{"start":{"line":63,"column":45},"end":{"line":63,"column":69}},"line":63},"11":{"name":"(anonymous_11)","decl":{"start":{"line":65,"column":43},"end":{"line":65,"column":44}},"loc":{"start":{"line":65,"column":48},"end":{"line":65,"column":69}},"line":65},"12":{"name":"(anonymous_12)","decl":{"start":{"line":82,"column":2},"end":{"line":82,"column":3}},"loc":{"start":{"line":82,"column":53},"end":{"line":88,"column":3}},"line":82},"13":{"name":"(anonymous_13)","decl":{"start":{"line":90,"column":2},"end":{"line":90,"column":3}},"loc":{"start":{"line":90,"column":46},"end":{"line":93,"column":3}},"line":90},"14":{"name":"(anonymous_14)","decl":{"start":{"line":95,"column":2},"end":{"line":95,"column":3}},"loc":{"start":{"line":95,"column":46},"end":{"line":99,"column":3}},"line":95},"15":{"name":"(anonymous_15)","decl":{"start":{"line":101,"column":2},"end":{"line":101,"column":3}},"loc":{"start":{"line":101,"column":75},"end":{"line":119,"column":3}},"line":101},"16":{"name":"(anonymous_16)","decl":{"start":{"line":110,"column":41},"end":{"line":110,"column":42}},"loc":{"start":{"line":110,"column":52},"end":{"line":110,"column":88}},"line":110},"17":{"name":"(anonymous_17)","decl":{"start":{"line":111,"column":42},"end":{"line":111,"column":43}},"loc":{"start":{"line":111,"column":53},"end":{"line":111,"column":86}},"line":111},"18":{"name":"(anonymous_18)","decl":{"start":{"line":121,"column":2},"end":{"line":121,"column":3}},"loc":{"start":{"line":121,"column":88},"end":{"line":127,"column":3}},"line":121},"19":{"name":"(anonymous_19)","decl":{"start":{"line":123,"column":34},"end":{"line":123,"column":35}},"loc":{"start":{"line":123,"column":45},"end":{"line":123,"column":68}},"line":123},"20":{"name":"(anonymous_20)","decl":{"start":{"line":124,"column":40},"end":{"line":124,"column":41}},"loc":{"start":{"line":124,"column":51},"end":{"line":124,"column":71}},"line":124}},"branchMap":{"0":{"loc":{"start":{"line":53,"column":2},"end":{"line":73,"column":3}},"type":"if","locations":[{"start":{"line":53,"column":2},"end":{"line":73,"column":3}},{"start":{},"end":{}}],"line":53},"1":{"loc":{"start":{"line":64,"column":6},"end":{"line":69,"column":7}},"type":"if","locations":[{"start":{"line":64,"column":6},"end":{"line":69,"column":7}},{"start":{},"end":{}}],"line":64},"2":{"loc":{"start":{"line":66,"column":8},"end":{"line":68,"column":9}},"type":"if","locations":[{"start":{"line":66,"column":8},"end":{"line":68,"column":9}},{"start":{},"end":{}}],"line":66},"3":{"loc":{"start":{"line":83,"column":4},"end":{"line":85,"column":5}},"type":"if","locations":[{"start":{"line":83,"column":4},"end":{"line":85,"column":5}},{"start":{},"end":{}}],"line":83},"4":{"loc":{"start":{"line":109,"column":4},"end":{"line":116,"column":5}},"type":"if","locations":[{"start":{"line":109,"column":4},"end":{"line":116,"column":5}},{"start":{},"end":{}}],"line":109},"5":{"loc":{"start":{"line":113,"column":6},"end":{"line":115,"column":7}},"type":"if","locations":[{"start":{"line":113,"column":6},"end":{"line":115,"column":7}},{"start":{},"end":{}}],"line":113},"6":{"loc":{"start":{"line":126,"column":11},"end":{"line":126,"column":45}},"type":"cond-expr","locations":[{"start":{"line":126,"column":19},"end":{"line":126,"column":40}},{"start":{"line":126,"column":43},"end":{"line":126,"column":45}}],"line":126}},"s":{"0":1,"1":1,"2":33,"3":33,"4":1,"5":5,"6":30,"7":85,"8":795,"9":1,"10":5,"11":5,"12":2,"13":12,"14":34,"15":2,"16":10,"17":10,"18":10,"19":10,"20":10,"21":10,"22":10,"23":2,"24":3,"25":1,"26":1,"27":42,"28":1,"29":42,"30":29,"31":29,"32":4,"33":4,"34":4,"35":14,"36":14,"37":14,"38":14,"39":14,"40":14,"41":15,"42":14,"43":14,"44":14,"45":13,"46":13,"47":18,"48":13,"49":15,"50":13,"51":1},"f":{"0":33,"1":33,"2":5,"3":30,"4":85,"5":795,"6":5,"7":12,"8":34,"9":10,"10":10,"11":10,"12":42,"13":29,"14":4,"15":14,"16":14,"17":15,"18":13,"19":18,"20":15},"b":{"0":[2,3],"1":[10,0],"2":[10,0],"3":[1,41],"4":[14,0],"5":[14,0],"6":[11,2]},"_coverageSchema":"1a1c01bbd47fc00a2c39e90264f33305004495a9","hash":"ae86fd04b37725d996a0d74278e31960d9d5a8e9"}
}
