TN:
SF:src/components/animationRegistry.ts
FN:78,buildRegistryFromCategories
FN:80,(anonymous_1)
FN:81,(anonymous_2)
FN:82,(anonymous_3)
FN:96,getAnimationMetadata
FNF:5
FNH:5
FNDA:10,buildRegistryFromCategories
FNDA:60,(anonymous_1)
FNDA:170,(anonymous_2)
FNDA:1590,(anonymous_3)
FNDA:336,getAnimationMetadata
DA:34,2
DA:63,2
DA:79,10
DA:80,10
DA:81,60
DA:82,170
DA:83,1590
DA:87,10
DA:97,336
DA:98,1071
DA:99,2642
DA:100,321
DA:104,15
LF:13
LH:13
BRDA:99,0,0,321
BRDA:99,0,1,2321
BRF:2
BRH:2
end_of_record
TN:
SF:src/services/animationData.ts
FN:13,(anonymous_0)
FN:13,(anonymous_1)
FN:19,(anonymous_2)
FN:20,(anonymous_3)
FN:23,(anonymous_4)
FN:28,(anonymous_5)
FN:45,(anonymous_6)
FN:54,(anonymous_7)
FN:56,(anonymous_8)
FN:62,(anonymous_9)
FN:63,(anonymous_10)
FN:65,(anonymous_11)
FN:82,(anonymous_12)
FN:90,(anonymous_13)
FN:95,(anonymous_14)
FN:101,(anonymous_15)
FN:110,(anonymous_16)
FN:111,(anonymous_17)
FN:121,(anonymous_18)
FN:123,(anonymous_19)
FN:124,(anonymous_20)
FNF:21
FNH:21
FNDA:33,(anonymous_0)
FNDA:33,(anonymous_1)
FNDA:5,(anonymous_2)
FNDA:30,(anonymous_3)
FNDA:85,(anonymous_4)
FNDA:795,(anonymous_5)
FNDA:5,(anonymous_6)
FNDA:12,(anonymous_7)
FNDA:34,(anonymous_8)
FNDA:10,(anonymous_9)
FNDA:10,(anonymous_10)
FNDA:10,(anonymous_11)
FNDA:42,(anonymous_12)
FNDA:29,(anonymous_13)
FNDA:4,(anonymous_14)
FNDA:14,(anonymous_15)
FNDA:14,(anonymous_16)
FNDA:15,(anonymous_17)
FNDA:13,(anonymous_18)
FNDA:18,(anonymous_19)
FNDA:15,(anonymous_20)
DA:11,1
DA:13,33
DA:19,1
DA:20,30
DA:23,85
DA:28,795
DA:45,1
DA:50,5
DA:53,5
DA:54,12
DA:56,34
DA:62,2
DA:63,10
DA:64,10
DA:65,10
DA:66,10
DA:67,10
DA:72,2
DA:75,3
DA:79,1
DA:80,1
DA:83,42
DA:84,1
DA:87,42
DA:91,29
DA:92,29
DA:96,4
DA:97,4
DA:98,4
DA:102,14
DA:107,14
DA:109,14
DA:110,14
DA:111,15
DA:113,14
DA:114,14
DA:118,14
DA:122,13
DA:123,18
DA:124,15
DA:126,13
DA:130,1
LF:42
LH:42
BRDA:53,0,0,2
BRDA:53,0,1,3
BRDA:64,1,0,10
BRDA:64,1,1,0
BRDA:66,2,0,10
BRDA:66,2,1,0
BRDA:83,3,0,1
BRDA:83,3,1,41
BRDA:109,4,0,14
BRDA:109,4,1,0
BRDA:113,5,0,14
BRDA:113,5,1,0
BRDA:126,6,0,11
BRDA:126,6,1,2
BRF:14
BRH:10
end_of_record
